
ROM used:   3079/8192 (38%)
            4022/8192 (49%) including unused fragments

            0.9 Average locations per line
            3.5 Average locations per statement

RAM used:   44/368 (12%) at main() level
            59/368 (16%) worst case

Stack used: 1 worst case (0 in main + 1 for interrupts)
Stack size: 8

Lines Stmts  %   Files
----- ----- ---  -----
  414   252  28  main.c
  661     0   0  ..\..\..\..\Program Files (x86)\PICC\Devices\16F877A.h
  162    68   8  ..\..\..\..\Program Files (x86)\PICC\Drivers\lcd420.c
 1351   359  40  ..\..\..\..\Program Files (x86)\PICC\Drivers\stdlib.h
   32     0   0  ..\..\..\..\Program Files (x86)\PICC\Drivers\stddef.h
  423   125  14  ..\..\..\..\Program Files (x86)\PICC\Drivers\string.h
   28     0   0  ..\..\..\..\Program Files (x86)\PICC\Drivers\ctype.h
  152    34   4  dht-11.c
  143    53   6  ds1302.c
----- -----
 3366   891 Total

Page ROM  %  RAM   Vol Diff  Functions:
---- --- --- ---   --- ----  ----------
0     21   1    1             @delay_ms1
0      8   0    0             @const626
 Inline         3   463  4.3  lcd_read_byte
0     12   0    1   134  2.2  lcd_send_nibble
0     58   2    3   317  4.3  lcd_send_byte
0     44   1    2   422  4.7  lcd_init
0     26   1    3   321  5.5  lcd_gotoxy
0      8   0    0             @goto10605
0     39   1    1   308  5.0  lcd_putc
 Inline         2             @MUL88
 Inline         0    32  1.0  dht_init
 Inline         3   356  6.8  leer_dht_dat
0    105   3    6   578  5.5  read_dht
0     30   1    2   199  4.3  write_ds1302_byte
0     15   0    2    94  1.8  write_ds1302
0     48   2    3   401  4.9  read_ds1302
0     36   1    2   247  3.7  rtc_init
0     21   1    3             @DIV88
0     63   2    4   160  4.2  rm_bcd
 Inline         5   238  3.1  rtc_get_date
 Inline         4   170  3.0  rtc_get_time
0      7   0    0    29  1.2  timer0_kesme
0     26   1    0   197  4.0  timer1_kesme
1   1963  64    3 10308  9.9  MAIN
0      6   0    0             @const998
0     75   2    4             @PSTRINGC7_649
0      5   0    0             @const1000
0      7   0    0             @const1001
0      5   0    0             @const1002
1     11   0    0             @goto12031
0     11   0    0             @const1014
0     84   3    5             @PSTRINGCN7_649
0     87   3    6             @PRINTF_D_649
0      6   0    0             @const1020
0     12   0    0             @const1024
0     11   0    0             @const1025
0     87   3    6             @PRINTF_D0_649
0     10   0    0             @const1029
0     11   0    0             @const1032
0     10   0    0             @const1033
0      8   0    0             @const1035
0      4   0    0             @const1036
0      8   0    0             @const1038
0      6   0    0             @const1039
0     11   0    0             @const1041
0      5   0    0             @const1042
0      8   0    0             @const1043
0      5   0    0             @const1044
 Inline         0             @cinit1

Program metrics:
    Functions               19
    Statements              891
    Comments                1015
    Volume (V)              20713
    Difficulty (D)          79.3
    Effort to implement (E) 1642735
    Time to implement (T)   25 hours, 21 minutes
    Est Delivered Bugs (B)  5
    Cyclomatic Complexity   41
    Maintainability (MI)    24

 Segment     Used  Free
-----------  ----  ----
00000-00003     4  0  
00004-00037    52  0  
00038-007FF  1049  943  
00800-00FFF  1974  74  
01000-017FF     0  2048  
01800-01FFF     0  2048  



